  main.cpp
d:\workspace\opengl\include\learnopengl\shader.h(3): warning C4067: 预处理器指令后有意外标记 - 应输入换行符
d:\workspace\opengl\include\learnopengl\shader.h(4): warning C4067: 预处理器指令后有意外标记 - 应输入换行符
d:\workspace\opengl\include\learnopengl\shader.h(5): warning C4067: 预处理器指令后有意外标记 - 应输入换行符
d:\workspace\opengl\include\learnopengl\shader.h(6): warning C4067: 预处理器指令后有意外标记 - 应输入换行符
d:\workspace\opengl\include\learnopengl\shader.h(7): warning C4067: 预处理器指令后有意外标记 - 应输入换行符
d:\workspace\opengl\include\learnopengl\shader.h(9): warning C4067: 预处理器指令后有意外标记 - 应输入换行符
d:\workspace\opengl\include\learnopengl\shader.h(10): warning C4067: 预处理器指令后有意外标记 - 应输入换行符
d:\workspace\opengl\include\learnopengl\shader.h(11): warning C4067: 预处理器指令后有意外标记 - 应输入换行符
d:\workspace\opengl\firstopengl\firstopengl\main.cpp(273): warning C4244: “初始化”: 从“double”转换到“float”，可能丢失数据
d:\workspace\opengl\firstopengl\firstopengl\main.cpp(289): warning C4244: “初始化”: 从“double”转换到“float”，可能丢失数据
d:\workspace\opengl\firstopengl\firstopengl\main.cpp(340): warning C4244: “初始化”: 从“double”转换到“float”，可能丢失数据
d:\workspace\opengl\firstopengl\firstopengl\main.cpp(392): warning C4244: “=”: 从“double”转换到“float”，可能丢失数据
d:\workspace\opengl\firstopengl\firstopengl\main.cpp(393): warning C4244: “=”: 从“double”转换到“float”，可能丢失数据
d:\workspace\opengl\firstopengl\firstopengl\main.cpp(396): warning C4244: “初始化”: 从“double”转换到“float”，可能丢失数据
d:\workspace\opengl\firstopengl\firstopengl\main.cpp(397): warning C4244: “初始化”: 从“double”转换到“float”，可能丢失数据
d:\workspace\opengl\firstopengl\firstopengl\main.cpp(398): warning C4244: “=”: 从“double”转换到“float”，可能丢失数据
d:\workspace\opengl\firstopengl\firstopengl\main.cpp(399): warning C4244: “=”: 从“double”转换到“float”，可能丢失数据
d:\workspace\opengl\firstopengl\firstopengl\main.cpp(404): warning C4244: “参数”: 从“double”转换到“float”，可能丢失数据
  FirstOpenGL.vcxproj -> D:\Workspace\OpenGL\FirstOpenGL\Debug\FirstOpenGL.exe
